<?xml version="1.0" encoding="utf-8"?><testsuites><testsuite name="pytest" errors="0" failures="1" skipped="0" tests="16" time="1058.974" timestamp="2024-04-30T21:43:31.838946" hostname="automation"><testcase classname="tests.test_inventory.TestAnsibleInventory" name="test_inventory" time="4.102" /><testcase classname="tests.test_inventory.TestAnsibleInventory" name="test_inventory_all" time="2.688" /><testcase classname="tests.test_ssh.HostKeysTest" name="test_add" time="0.003" /><testcase classname="tests.test_ssh.HostKeysTest" name="test_delitem" time="0.005" /><testcase classname="tests.test_ssh.HostKeysTest" name="test_dict_set" time="0.004" /><testcase classname="tests.test_ssh.HostKeysTest" name="test_entry_delitem" time="0.002" /><testcase classname="tests.test_ssh.HostKeysTest" name="test_load" time="0.002" /><testcase classname="tests.test_ssh.HostKeysTest" name="test_util_delitem_custom" time="0.001" /><testcase classname="tests.test_ssh.HostKeysTest" name="test_util_delitem_missing" time="0.068" /><testcase classname="tests.test_utils.TestUtils" name="test_find_yaml_files" time="0.001" /><testcase classname="tests.test_utils.TestUtils" name="test_find_playbooks" time="0.001" /><testcase classname="tests.test_utils.TestUtils" name="test_find_hosts" time="0.000" /><testcase classname="pyprojects.semaphore_client.tests.test_semaphore_client.TestSemaphoreClient" name="test_client_init" time="3.718" /><testcase classname="pyprojects.semaphore_client.tests.test_semaphore_client.TestSemaphoreClient" name="test_get_projects" time="5.802" /><testcase classname="pyprojects.semaphore_client.tests.test_semaphore_client.TestSemaphoreClient" name="test_create_inventory" time="6.990" /><testcase classname="ansible.collections.ansible_collections.technohouser.dasbootstrap.roles.ansible.tests.integration.test_ansible_svc_role" name="test_integration[ansible-default]" time="1024.191"><failure message="AssertionError: assert 1 == 0&#10; +  where 1 = CompletedProcess(args=['/home/ansible/.local/share/dasbootstrap/.venv/bin/python', '-m', 'molecule', 'test', '-s', 'default'], returncode=1).returncode">molecule_scenario = &lt;pytest_ansible.molecule.MoleculeScenario object at 0x7ab7f9d5e5d0&gt;

    def test_integration(molecule_scenario: MoleculeScenario) -&gt; None:
        """Run molecule for each scenario.
    
        :param molecule_scenario: The molecule scenario object
        """
        proc = molecule_scenario.test()
&gt;       assert proc.returncode == 0
E       AssertionError: assert 1 == 0
E        +  where 1 = CompletedProcess(args=['/home/ansible/.local/share/dasbootstrap/.venv/bin/python', '-m', 'molecule', 'test', '-s', 'default'], returncode=1).returncode

ansible/collections/ansible_collections/technohouser/dasbootstrap/roles/ansible/tests/integration/test_ansible_svc_role.py:13: AssertionError</failure></testcase></testsuite></testsuites>